TN:
SF:src/dataLoader.ts
FN:6,(anonymous_1)
FNF:1
FNH:1
FNDA:6,(anonymous_1)
DA:1,3
DA:2,3
DA:6,3
DA:7,6
DA:9,6
DA:10,6
DA:11,6
DA:13,0
DA:14,0
LF:9
LH:7
BRF:0
BRH:0
end_of_record
TN:
SF:src/index.ts
FN:19,(anonymous_7)
FN:24,(anonymous_8)
FNF:2
FNH:1
FNDA:1,(anonymous_7)
FNDA:0,(anonymous_8)
DA:1,3
DA:2,3
DA:3,3
DA:4,3
DA:5,3
DA:7,3
DA:9,3
DA:10,3
DA:12,3
DA:13,3
DA:14,3
DA:15,3
DA:17,3
DA:19,3
DA:20,1
DA:23,3
DA:24,0
DA:27,3
LF:18
LH:17
BRDA:23,0,0,0
BRF:1
BRH:0
end_of_record
TN:
SF:src/logger.ts
FNF:0
FNH:0
DA:2,3
DA:4,3
DA:11,3
LF:3
LH:3
BRF:0
BRH:0
end_of_record
TN:
SF:src/controllers/productsController.ts
FN:6,(anonymous_0)
FNF:1
FNH:1
FNDA:2,(anonymous_0)
DA:2,3
DA:4,3
DA:6,3
DA:7,2
DA:8,2
DA:9,2
DA:11,2
DA:12,2
DA:13,2
DA:15,2
DA:17,0
DA:18,0
DA:20,0
DA:21,0
DA:23,1
DA:24,1
DA:26,1
DA:27,1
DA:30,1
DA:32,0
LF:20
LH:15
BRDA:15,0,0,0
BRDA:15,0,1,0
BRDA:15,0,2,1
BRDA:15,0,3,1
BRF:4
BRH:2
end_of_record
TN:
SF:src/controllers/wishlistController.ts
FN:8,(anonymous_0)
FN:32,(anonymous_1)
FN:45,(anonymous_2)
FNF:3
FNH:3
FNDA:2,(anonymous_0)
FNDA:1,(anonymous_1)
FNDA:1,(anonymous_2)
DA:4,3
DA:8,3
DA:9,2
DA:10,2
DA:12,2
DA:13,0
DA:14,0
DA:17,2
DA:18,1
DA:19,1
DA:21,1
DA:23,1
DA:27,0
DA:28,0
DA:32,3
DA:33,1
DA:34,1
DA:35,0
DA:36,0
DA:38,1
DA:40,0
DA:41,0
DA:45,3
DA:46,1
DA:47,1
DA:49,1
DA:50,0
DA:51,0
DA:53,1
DA:54,1
DA:55,0
DA:56,0
DA:59,1
DA:61,1
DA:65,0
DA:66,0
LF:36
LH:22
BRDA:12,0,0,0
BRDA:17,1,0,1
BRDA:34,2,0,0
BRDA:49,3,0,0
BRDA:54,4,0,0
BRF:5
BRH:1
end_of_record
TN:
SF:src/middleware/authMiddleware.ts
FN:14,(anonymous_1)
FNF:1
FNH:1
FNDA:11,(anonymous_1)
DA:1,3
DA:3,3
DA:10,3
DA:14,3
DA:15,11
DA:16,11
DA:17,1
DA:18,1
DA:23,10
DA:27,10
DA:30,3
LF:11
LH:11
BRDA:16,0,0,1
BRDA:16,1,0,11
BRDA:16,1,1,10
BRDA:16,1,2,10
BRF:4
BRH:4
end_of_record
TN:
SF:src/middleware/errorHandler.ts
FN:4,(anonymous_0)
FNF:1
FNH:1
FNDA:2,(anonymous_0)
DA:2,4
DA:4,4
DA:10,2
DA:12,2
DA:13,1
DA:16,1
LF:6
LH:6
BRDA:12,0,0,1
BRF:1
BRH:1
end_of_record
TN:
SF:src/routes/index.ts
FNF:0
FNH:0
DA:2,3
DA:3,3
DA:4,3
DA:6,3
DA:8,3
DA:9,3
DA:11,3
LF:7
LH:7
BRF:0
BRH:0
end_of_record
TN:
SF:src/routes/products.ts
FNF:0
FNH:0
DA:1,3
DA:2,3
DA:4,3
DA:6,3
DA:8,3
LF:5
LH:5
BRF:0
BRH:0
end_of_record
TN:
SF:src/routes/wishlist.ts
FNF:0
FNH:0
DA:1,3
DA:2,3
DA:8,3
DA:10,3
DA:11,3
DA:12,3
DA:14,3
LF:7
LH:7
BRF:0
BRH:0
end_of_record
TN:
SF:src/types/customErrors.ts
FN:4,(anonymous_0)
FNF:1
FNH:1
FNDA:1,(anonymous_0)
DA:1,4
DA:5,1
DA:6,1
LF:3
LH:3
BRF:0
BRH:0
end_of_record
